\BOOKMARK [1][-]{Doc-Start}{\376\377\000I\000n\000t\000r\000o\000d\000u\000k\000t\000i\000o\000n}{}% 1
\BOOKMARK [2][-]{section*.1}{\376\377\000B\000a\000k\000g\000r\000u\000n\000d}{Doc-Start}% 2
\BOOKMARK [2][-]{section*.1}{\376\377\000N\000\345\000g\000r\000a\000\040\000t\000i\000d\000i\000g\000a\000r\000e\000\040\000e\000x\000e\000m\000p\000e\000l\000,\000\040\000h\000i\000s\000t\000o\000r\000i\000s\000k\000a\000\040\000o\000c\000h\000\040\000n\000u\000t\000i\000d\000a}{Doc-Start}% 3
\BOOKMARK [2][-]{section*.1}{\376\377\000R\000a\000d\000i\000o}{Doc-Start}% 4
\BOOKMARK [2][-]{section*.1}{\376\377\000S\000o\000n\000i\000f\000i\000e\000r\000i\000n\000g}{Doc-Start}% 5
\BOOKMARK [2][-]{section*.1}{\376\377\000D\000i\000a\000b\000e\000t\000e\000s}{Doc-Start}% 6
\BOOKMARK [3][-]{section*.2}{\376\377\000B\000l\000o\000d\000s\000o\000c\000k\000e\000r\000v\000\344\000r\000d\000e\000n}{section*.1}% 7
\BOOKMARK [3][-]{section*.2}{\376\377\000F\000\366\000r\000h\000\345\000l\000l\000a\000n\000d\000e\000t\000\040\000t\000i\000l\000l\000\040\000m\000\344\000t\000a\000n\000d\000e\000t}{section*.1}% 8
\BOOKMARK [2][-]{section*.2}{\376\377\000D\000a\000t\000a\000i\000n\000s\000a\000m\000l\000i\000n\000g}{Doc-Start}% 9
\BOOKMARK [1][-]{section*.2}{\376\377\000P\000r\000o\000c\000e\000s\000s}{}% 10
\BOOKMARK [2][-]{figure.caption.3}{\376\377\000S\000t\000a\000c\000k}{section*.2}% 11
\BOOKMARK [2][-]{figure.caption.4}{\376\377\000W\000e\000b\000b\000p\000l\000a\000t\000s}{section*.2}% 12
\BOOKMARK [3][-]{section*.5}{\376\377\000F\000r\000o\000n\000t\000\040\000e\000n\000d}{figure.caption.4}% 13
\BOOKMARK [3][-]{section*.5}{\376\377\000B\000a\000c\000k\000\040\000e\000n\000d}{figure.caption.4}% 14
\BOOKMARK [2][-]{section*.5}{\376\377\000S\000u\000p\000e\000r\000C\000o\000l\000l\000i\000d\000e\000r\000-\000s\000y\000s\000t\000e\000m}{section*.2}% 15
\BOOKMARK [3][-]{section*.6}{\376\377\000K\000\366\000s\000y\000s\000t\000e\000m\000e\000t}{section*.5}% 16
\BOOKMARK [2][-]{section*.6}{\376\377\000T\000i\000l\000l\000v\000\344\000g\000a\000g\000\345\000n\000g\000s\000s\000\344\000t\000t}{section*.2}% 17
\BOOKMARK [1][-]{section*.6}{\376\377\000M\000u\000s\000i\000k\000e\000n}{}% 18
\BOOKMARK [2][-]{Item.4}{\376\377\000R\000u\000m\000s\000l\000i\000g\000h\000e\000t}{section*.6}% 19
\BOOKMARK [2][-]{Item.4}{\376\377\000T\000e\000m\000p\000o\000r\000a\000l\000i\000t\000e\000t}{section*.6}% 20
\BOOKMARK [2][-]{Item.4}{\376\377\000G\000e\000n\000e\000r\000a\000t\000i\000v\000i\000t\000e\000t\000\040\000o\000c\000h\000\040\000i\000n\000t\000e\000r\000a\000k\000t\000i\000v\000i\000t\000e\000t}{section*.6}% 21
\BOOKMARK [1][-]{Item.4}{\376\377\000S\000l\000u\000t\000s\000a\000t\000s\000e\000r}{}% 22
\BOOKMARK [2][-]{section*.7}{\376\377\000U\000t\000v\000e\000c\000k\000l\000i\000n\000g\000s\000m\000\366\000j\000l\000i\000g\000h\000e\000t\000e\000r}{Item.4}% 23
\BOOKMARK [1][-]{Item.10}{\376\377\000R\000e\000f\000e\000r\000e\000n\000s\000e\000r}{}% 24
\BOOKMARK [2][-]{section*.8}{\376\377\000I\000n\000t\000e\000r\000n\000e\000t}{Item.10}% 25
\BOOKMARK [2][-]{section*.8}{\376\377\000L\000i\000t\000t\000e\000r\000a\000t\000u\000r}{Item.10}% 26
\BOOKMARK [2][-]{section*.8}{\376\377\000M\000u\000s\000i\000k}{Item.10}% 27
\BOOKMARK [2][-]{section*.8}{\376\377\000R\000a\000d\000i\000o}{Item.10}% 28
\BOOKMARK [1][-]{section*.9}{\376\377\000B\000i\000l\000a\000g\000o\000r}{}% 29
\BOOKMARK [2][-]{section*.10}{\376\377\000O\000r\000d\000l\000i\000s\000t\000a}{section*.9}% 30
\BOOKMARK [2][-]{section*.11}{\376\377\000F\000\366\000r\000k\000o\000r\000t\000n\000i\000n\000g\000a\000r}{section*.9}% 31
\BOOKMARK [2][-]{table.2}{\376\377\000R\000a\000d\000i\000o\000\040\000D\000i\000a\000b\000e\000t\000e\000s\000\040\000\050\0002\0000\0002\0001\000\051}{section*.9}% 32
